<?xml version="1.0" encoding="UTF-8"?>
<testng-results skipped="0" failed="3" ignored="4" total="23" passed="16">
  <reporter-output>
  </reporter-output>
  <suite name="TestSuite" duration-ms="112541" started-at="2018-08-03T18:56:15Z" finished-at="2018-08-03T18:58:07Z">
    <groups>
    </groups>
    <test name="Testing" duration-ms="112541" started-at="2018-08-03T18:56:15Z" finished-at="2018-08-03T18:58:07Z">
      <class name="testsIF.LoginPageTest">
        <test-method status="PASS" signature="SetUp()[pri:0, instance:testsIF.LoginPageTest@18be83e4]" name="SetUp" is-config="true" duration-ms="6292" started-at="2018-08-03T18:56:08Z" finished-at="2018-08-03T18:56:15Z">
          <reporter-output>
          </reporter-output>
        </test-method> <!-- SetUp -->
        <test-method status="PASS" signature="loginDomainName()[pri:0, instance:testsIF.LoginPageTest@18be83e4]" name="loginDomainName" duration-ms="4713" started-at="2018-08-03T18:56:15Z" finished-at="2018-08-03T18:56:19Z">
          <reporter-output>
          </reporter-output>
        </test-method> <!-- loginDomainName -->
        <test-method status="PASS" signature="invalidMail()[pri:1, instance:testsIF.LoginPageTest@18be83e4]" name="invalidMail" duration-ms="3396" started-at="2018-08-03T18:56:19Z" finished-at="2018-08-03T18:56:23Z">
          <reporter-output>
          </reporter-output>
        </test-method> <!-- invalidMail -->
        <test-method status="PASS" signature="invalidPass()[pri:2, instance:testsIF.LoginPageTest@18be83e4]" name="invalidPass" duration-ms="3507" started-at="2018-08-03T18:56:23Z" finished-at="2018-08-03T18:56:26Z">
          <reporter-output>
          </reporter-output>
        </test-method> <!-- invalidPass -->
        <test-method status="PASS" signature="emptyField()[pri:3, instance:testsIF.LoginPageTest@18be83e4]" name="emptyField" duration-ms="1730" started-at="2018-08-03T18:56:26Z" finished-at="2018-08-03T18:56:28Z">
          <reporter-output>
          </reporter-output>
        </test-method> <!-- emptyField -->
        <test-method status="PASS" signature="ShowPassword()[pri:4, instance:testsIF.LoginPageTest@18be83e4]" name="ShowPassword" duration-ms="1798" started-at="2018-08-03T18:56:28Z" finished-at="2018-08-03T18:56:30Z">
          <reporter-output>
          </reporter-output>
        </test-method> <!-- ShowPassword -->
        <test-method status="PASS" signature="uppercasePass()[pri:5, instance:testsIF.LoginPageTest@18be83e4]" name="uppercasePass" duration-ms="3638" started-at="2018-08-03T18:56:30Z" finished-at="2018-08-03T18:56:33Z">
          <reporter-output>
          </reporter-output>
        </test-method> <!-- uppercasePass -->
        <test-method status="PASS" signature="uppercaseMail()[pri:6, instance:testsIF.LoginPageTest@18be83e4]" name="uppercaseMail" duration-ms="6066" started-at="2018-08-03T18:56:33Z" finished-at="2018-08-03T18:56:40Z">
          <reporter-output>
          </reporter-output>
        </test-method> <!-- uppercaseMail -->
        <test-method status="PASS" signature="passleast6greater20()[pri:7, instance:testsIF.LoginPageTest@18be83e4]" name="passleast6greater20" duration-ms="5294" started-at="2018-08-03T18:56:40Z" finished-at="2018-08-03T18:56:45Z">
          <reporter-output>
          </reporter-output>
        </test-method> <!-- passleast6greater20 -->
        <test-method status="PASS" signature="login()[pri:8, instance:testsIF.LoginPageTest@18be83e4]" name="login" duration-ms="3195" started-at="2018-08-03T18:56:45Z" finished-at="2018-08-03T18:56:48Z">
          <reporter-output>
          </reporter-output>
        </test-method> <!-- login -->
        <test-method status="PASS" signature="tearDown()[pri:0, instance:testsIF.LoginPageTest@18be83e4]" name="tearDown" is-config="true" duration-ms="463" started-at="2018-08-03T18:58:08Z" finished-at="2018-08-03T18:58:08Z">
          <reporter-output>
          </reporter-output>
        </test-method> <!-- tearDown -->
      </class> <!-- testsIF.LoginPageTest -->
      <class name="testsIF.InvoicesPageTest">
        <test-method status="FAIL" signature="discardNewInvoice()[pri:9, instance:testsIF.InvoicesPageTest@cb5822]" name="discardNewInvoice" duration-ms="12" started-at="2018-08-03T18:56:48Z" finished-at="2018-08-03T18:56:48Z">
          <exception class="java.lang.NullPointerException">
            <full-stacktrace>
              <![CDATA[java.lang.NullPointerException
at testsIF.InvoicesPageTest.discardNewInvoice(InvoicesPageTest.java:19)
at sun.reflect.NativeMethodAccessorImpl.invoke0(Native Method)
at sun.reflect.NativeMethodAccessorImpl.invoke(Unknown Source)
at sun.reflect.DelegatingMethodAccessorImpl.invoke(Unknown Source)
at java.lang.reflect.Method.invoke(Unknown Source)
at org.testng.internal.MethodInvocationHelper.invokeMethod(MethodInvocationHelper.java:124)
at org.testng.internal.Invoker.invokeMethod(Invoker.java:580)
at org.testng.internal.Invoker.invokeTestMethod(Invoker.java:716)
at org.testng.internal.Invoker.invokeTestMethods(Invoker.java:988)
at org.testng.internal.TestMethodWorker.invokeTestMethods(TestMethodWorker.java:125)
at org.testng.internal.TestMethodWorker.run(TestMethodWorker.java:109)
at org.testng.TestRunner.privateRun(TestRunner.java:648)
at org.testng.TestRunner.run(TestRunner.java:505)
at org.testng.SuiteRunner.runTest(SuiteRunner.java:455)
at org.testng.SuiteRunner.runSequentially(SuiteRunner.java:450)
at org.testng.SuiteRunner.privateRun(SuiteRunner.java:415)
at org.testng.SuiteRunner.run(SuiteRunner.java:364)
at org.testng.SuiteRunnerWorker.runSuite(SuiteRunnerWorker.java:52)
at org.testng.SuiteRunnerWorker.run(SuiteRunnerWorker.java:84)
at org.testng.TestNG.runSuitesSequentially(TestNG.java:1208)
at org.testng.TestNG.runSuitesLocally(TestNG.java:1137)
at org.testng.TestNG.runSuites(TestNG.java:1049)
at org.testng.TestNG.run(TestNG.java:1017)
at org.testng.remote.AbstractRemoteTestNG.run(AbstractRemoteTestNG.java:114)
at org.testng.remote.RemoteTestNG.initAndRun(RemoteTestNG.java:251)
at org.testng.remote.RemoteTestNG.main(RemoteTestNG.java:77)
]]>
            </full-stacktrace>
          </exception> <!-- java.lang.NullPointerException -->
          <reporter-output>
          </reporter-output>
        </test-method> <!-- discardNewInvoice -->
        <test-method status="PASS" signature="addNewInvoice()[pri:10, instance:testsIF.InvoicesPageTest@cb5822]" name="addNewInvoice" duration-ms="20267" started-at="2018-08-03T18:56:48Z" finished-at="2018-08-03T18:57:08Z">
          <reporter-output>
          </reporter-output>
        </test-method> <!-- addNewInvoice -->
        <test-method status="PASS" signature="addNewInvoiceErrorMessages()[pri:11, instance:testsIF.InvoicesPageTest@cb5822]" name="addNewInvoiceErrorMessages" duration-ms="4849" started-at="2018-08-03T18:57:08Z" finished-at="2018-08-03T18:57:13Z">
          <reporter-output>
          </reporter-output>
        </test-method> <!-- addNewInvoiceErrorMessages -->
        <test-method status="PASS" signature="addNewInvoiceErrorMessages1()[pri:12, instance:testsIF.InvoicesPageTest@cb5822]" name="addNewInvoiceErrorMessages1" duration-ms="15408" started-at="2018-08-03T18:57:13Z" finished-at="2018-08-03T18:57:29Z">
          <reporter-output>
          </reporter-output>
        </test-method> <!-- addNewInvoiceErrorMessages1 -->
        <test-method status="PASS" signature="invoicesFilter()[pri:13, instance:testsIF.InvoicesPageTest@cb5822]" name="invoicesFilter" duration-ms="13181" started-at="2018-08-03T18:57:29Z" finished-at="2018-08-03T18:57:42Z">
          <reporter-output>
          </reporter-output>
        </test-method> <!-- invoicesFilter -->
        <test-method status="PASS" signature="StatusChange()[pri:14, instance:testsIF.InvoicesPageTest@cb5822]" name="StatusChange" duration-ms="3512" started-at="2018-08-03T18:57:42Z" finished-at="2018-08-03T18:57:45Z">
          <reporter-output>
          </reporter-output>
        </test-method> <!-- StatusChange -->
        <test-method status="PASS" signature="invoicesOption()[pri:15, instance:testsIF.InvoicesPageTest@cb5822]" name="invoicesOption" duration-ms="9627" started-at="2018-08-03T18:57:45Z" finished-at="2018-08-03T18:57:55Z">
          <reporter-output>
          </reporter-output>
        </test-method> <!-- invoicesOption -->
      </class> <!-- testsIF.InvoicesPageTest -->
      <class name="testsIF.BusinessPageTest">
        <test-method status="FAIL" signature="viewDetails()[pri:16, instance:testsIF.BusinessPageTest@4b9e13df]" name="viewDetails" duration-ms="0" started-at="2018-08-03T18:57:55Z" finished-at="2018-08-03T18:57:55Z">
          <exception class="java.lang.NullPointerException">
            <full-stacktrace>
              <![CDATA[java.lang.NullPointerException
at testsIF.BusinessPageTest.viewDetails(BusinessPageTest.java:16)
at sun.reflect.NativeMethodAccessorImpl.invoke0(Native Method)
at sun.reflect.NativeMethodAccessorImpl.invoke(Unknown Source)
at sun.reflect.DelegatingMethodAccessorImpl.invoke(Unknown Source)
at java.lang.reflect.Method.invoke(Unknown Source)
at org.testng.internal.MethodInvocationHelper.invokeMethod(MethodInvocationHelper.java:124)
at org.testng.internal.Invoker.invokeMethod(Invoker.java:580)
at org.testng.internal.Invoker.invokeTestMethod(Invoker.java:716)
at org.testng.internal.Invoker.invokeTestMethods(Invoker.java:988)
at org.testng.internal.TestMethodWorker.invokeTestMethods(TestMethodWorker.java:125)
at org.testng.internal.TestMethodWorker.run(TestMethodWorker.java:109)
at org.testng.TestRunner.privateRun(TestRunner.java:648)
at org.testng.TestRunner.run(TestRunner.java:505)
at org.testng.SuiteRunner.runTest(SuiteRunner.java:455)
at org.testng.SuiteRunner.runSequentially(SuiteRunner.java:450)
at org.testng.SuiteRunner.privateRun(SuiteRunner.java:415)
at org.testng.SuiteRunner.run(SuiteRunner.java:364)
at org.testng.SuiteRunnerWorker.runSuite(SuiteRunnerWorker.java:52)
at org.testng.SuiteRunnerWorker.run(SuiteRunnerWorker.java:84)
at org.testng.TestNG.runSuitesSequentially(TestNG.java:1208)
at org.testng.TestNG.runSuitesLocally(TestNG.java:1137)
at org.testng.TestNG.runSuites(TestNG.java:1049)
at org.testng.TestNG.run(TestNG.java:1017)
at org.testng.remote.AbstractRemoteTestNG.run(AbstractRemoteTestNG.java:114)
at org.testng.remote.RemoteTestNG.initAndRun(RemoteTestNG.java:251)
at org.testng.remote.RemoteTestNG.main(RemoteTestNG.java:77)
]]>
            </full-stacktrace>
          </exception> <!-- java.lang.NullPointerException -->
          <reporter-output>
          </reporter-output>
        </test-method> <!-- viewDetails -->
        <test-method status="FAIL" signature="newBusiness()[pri:17, instance:testsIF.BusinessPageTest@4b9e13df]" name="newBusiness" duration-ms="10121" started-at="2018-08-03T18:57:55Z" finished-at="2018-08-03T18:58:05Z">
          <exception class="org.openqa.selenium.NoSuchElementException">
            <message>
              <![CDATA[no such element: Unable to locate element: {"method":"id","selector":"add-new-business"}
  (Session info: chrome=68.0.3440.84)
  (Driver info: chromedriver=2.40.565498 (ea082db3280dd6843ebfb08a625e3eb905c4f5ab),platform=Windows NT 6.3.9600 x86_64) (WARNING: The server did not provide any stacktrace information)
Command duration or timeout: 0 milliseconds
For documentation on this error, please visit: http://seleniumhq.org/exceptions/no_such_element.html
Build info: version: '3.13.0', revision: '2f0d292', time: '2018-06-25T15:32:14.902Z'
System info: host: 'MIMAPC', ip: '192.168.23.48', os.name: 'Windows 8.1', os.arch: 'amd64', os.version: '6.3', java.version: '1.8.0_171'
Driver info: org.openqa.selenium.chrome.ChromeDriver
Capabilities {acceptInsecureCerts: false, acceptSslCerts: false, applicationCacheEnabled: false, browserConnectionEnabled: false, browserName: chrome, chrome: {chromedriverVersion: 2.40.565498 (ea082db3280dd6..., userDataDir: C:\Users\igor\AppData\Local...}, cssSelectorsEnabled: true, databaseEnabled: false, handlesAlerts: true, hasTouchScreen: false, javascriptEnabled: true, locationContextEnabled: true, mobileEmulationEnabled: false, nativeEvents: true, networkConnectionEnabled: false, pageLoadStrategy: normal, platform: XP, platformName: XP, rotatable: false, setWindowRect: true, takesHeapSnapshot: true, takesScreenshot: true, unexpectedAlertBehaviour: , unhandledPromptBehavior: , version: 68.0.3440.84, webStorageEnabled: true}
Session ID: 4f9be0eb32dd7d21a2aa4784af4a40bf
*** Element info: {Using=id, value=add-new-business}]]>
            </message>
            <full-stacktrace>
              <![CDATA[org.openqa.selenium.NoSuchElementException: no such element: Unable to locate element: {"method":"id","selector":"add-new-business"}
  (Session info: chrome=68.0.3440.84)
  (Driver info: chromedriver=2.40.565498 (ea082db3280dd6843ebfb08a625e3eb905c4f5ab),platform=Windows NT 6.3.9600 x86_64) (WARNING: The server did not provide any stacktrace information)
Command duration or timeout: 0 milliseconds
For documentation on this error, please visit: http://seleniumhq.org/exceptions/no_such_element.html
Build info: version: '3.13.0', revision: '2f0d292', time: '2018-06-25T15:32:14.902Z'
System info: host: 'MIMAPC', ip: '192.168.23.48', os.name: 'Windows 8.1', os.arch: 'amd64', os.version: '6.3', java.version: '1.8.0_171'
Driver info: org.openqa.selenium.chrome.ChromeDriver
Capabilities {acceptInsecureCerts: false, acceptSslCerts: false, applicationCacheEnabled: false, browserConnectionEnabled: false, browserName: chrome, chrome: {chromedriverVersion: 2.40.565498 (ea082db3280dd6..., userDataDir: C:\Users\igor\AppData\Local...}, cssSelectorsEnabled: true, databaseEnabled: false, handlesAlerts: true, hasTouchScreen: false, javascriptEnabled: true, locationContextEnabled: true, mobileEmulationEnabled: false, nativeEvents: true, networkConnectionEnabled: false, pageLoadStrategy: normal, platform: XP, platformName: XP, rotatable: false, setWindowRect: true, takesHeapSnapshot: true, takesScreenshot: true, unexpectedAlertBehaviour: , unhandledPromptBehavior: , version: 68.0.3440.84, webStorageEnabled: true}
Session ID: 4f9be0eb32dd7d21a2aa4784af4a40bf
*** Element info: {Using=id, value=add-new-business}
at sun.reflect.NativeConstructorAccessorImpl.newInstance0(Native Method)
at sun.reflect.NativeConstructorAccessorImpl.newInstance(Unknown Source)
at sun.reflect.DelegatingConstructorAccessorImpl.newInstance(Unknown Source)
at java.lang.reflect.Constructor.newInstance(Unknown Source)
at org.openqa.selenium.remote.ErrorHandler.createThrowable(ErrorHandler.java:214)
at org.openqa.selenium.remote.ErrorHandler.throwIfResponseFailed(ErrorHandler.java:166)
at org.openqa.selenium.remote.http.JsonHttpResponseCodec.reconstructValue(JsonHttpResponseCodec.java:40)
at org.openqa.selenium.remote.http.AbstractHttpResponseCodec.decode(AbstractHttpResponseCodec.java:80)
at org.openqa.selenium.remote.http.AbstractHttpResponseCodec.decode(AbstractHttpResponseCodec.java:44)
at org.openqa.selenium.remote.HttpCommandExecutor.execute(HttpCommandExecutor.java:158)
at org.openqa.selenium.remote.service.DriverCommandExecutor.execute(DriverCommandExecutor.java:83)
at org.openqa.selenium.remote.RemoteWebDriver.execute(RemoteWebDriver.java:548)
at org.openqa.selenium.remote.RemoteWebDriver.findElement(RemoteWebDriver.java:322)
at org.openqa.selenium.remote.RemoteWebDriver.findElementById(RemoteWebDriver.java:368)
at org.openqa.selenium.By$ById.findElement(By.java:188)
at org.openqa.selenium.remote.RemoteWebDriver.findElement(RemoteWebDriver.java:314)
at org.openqa.selenium.support.pagefactory.DefaultElementLocator.findElement(DefaultElementLocator.java:69)
at org.openqa.selenium.support.pagefactory.internal.LocatingElementHandler.invoke(LocatingElementHandler.java:38)
at com.sun.proxy.$Proxy9.click(Unknown Source)
at pagesIF.BusinessPage.newBusiness(BusinessPage.java:157)
at testsIF.BusinessPageTest.newBusiness(BusinessPageTest.java:30)
at sun.reflect.NativeMethodAccessorImpl.invoke0(Native Method)
at sun.reflect.NativeMethodAccessorImpl.invoke(Unknown Source)
at sun.reflect.DelegatingMethodAccessorImpl.invoke(Unknown Source)
at java.lang.reflect.Method.invoke(Unknown Source)
at org.testng.internal.MethodInvocationHelper.invokeMethod(MethodInvocationHelper.java:124)
at org.testng.internal.Invoker.invokeMethod(Invoker.java:580)
at org.testng.internal.Invoker.invokeTestMethod(Invoker.java:716)
at org.testng.internal.Invoker.invokeTestMethods(Invoker.java:988)
at org.testng.internal.TestMethodWorker.invokeTestMethods(TestMethodWorker.java:125)
at org.testng.internal.TestMethodWorker.run(TestMethodWorker.java:109)
at org.testng.TestRunner.privateRun(TestRunner.java:648)
at org.testng.TestRunner.run(TestRunner.java:505)
at org.testng.SuiteRunner.runTest(SuiteRunner.java:455)
at org.testng.SuiteRunner.runSequentially(SuiteRunner.java:450)
at org.testng.SuiteRunner.privateRun(SuiteRunner.java:415)
at org.testng.SuiteRunner.run(SuiteRunner.java:364)
at org.testng.SuiteRunnerWorker.runSuite(SuiteRunnerWorker.java:52)
at org.testng.SuiteRunnerWorker.run(SuiteRunnerWorker.java:84)
at org.testng.TestNG.runSuitesSequentially(TestNG.java:1208)
at org.testng.TestNG.runSuitesLocally(TestNG.java:1137)
at org.testng.TestNG.runSuites(TestNG.java:1049)
at org.testng.TestNG.run(TestNG.java:1017)
at org.testng.remote.AbstractRemoteTestNG.run(AbstractRemoteTestNG.java:114)
at org.testng.remote.RemoteTestNG.initAndRun(RemoteTestNG.java:251)
at org.testng.remote.RemoteTestNG.main(RemoteTestNG.java:77)
]]>
            </full-stacktrace>
          </exception> <!-- org.openqa.selenium.NoSuchElementException -->
          <reporter-output>
          </reporter-output>
        </test-method> <!-- newBusiness -->
        <test-method status="PASS" signature="Logout()[pri:18, instance:testsIF.BusinessPageTest@4b9e13df]" name="Logout" duration-ms="2068" started-at="2018-08-03T18:58:05Z" finished-at="2018-08-03T18:58:07Z">
          <reporter-output>
          </reporter-output>
        </test-method> <!-- Logout -->
      </class> <!-- testsIF.BusinessPageTest -->
    </test> <!-- Testing -->
  </suite> <!-- TestSuite -->
</testng-results>
